


ARM Macro Assembler    Page 1 


    1 00000000                 AREA             |.text|, CODE, READONLY, ALIGN=
2
    2 00000000                 THUMB
    3 00000000                 EXTERN           currentPt
    4 00000000                 EXPORT           SysTick_Handler
    5 00000000                 EXPORT           OsSchedulerLaunch
    6 00000000         
    7 00000000         SysTick_Handler                      ;Saves r0,r1,r2,r3,
                                                            r12,link register,P
                                                            rogram Counter, PSR
                                                            
    8 00000000 B672            CPSID            I           ;Disable Interrupt
    9 00000002 E92D 0FF0       PUSH             {R4-R11}    ;Push Register r4 t
                                                            o r11 into Stack
   10 00000006 480E            LDR              R0,=currentPt ;We Load the curr
                                                            entPt to R0
   11 00000008 6801            LDR              R1,[R0]     ;Load R0 into R1. C
                                                            urrentPt point to c
                                                            urrent running Thre
                                                            ad
   12 0000000A F8C1 D000       STR              SP,[R1]     ;Stack Pointer is e
                                                            qual to CurrentPt
   13 0000000E 6849            LDR              R1,[R1,#4]  ;Number  4 takes us
                                                             to the second entr
                                                            y in thread control
                                                             block 
   14 00000010 6001            STR              R1,[R0]     ;currentPt= r1
   15 00000012 F8D1 D000       LDR              SP,[R1]     ;Stack Pointer Poin
                                                            ts to the Top of th
                                                            e new Stack
   16 00000016 E8BD 0FF0       POP              {R4-R11}    ;Restore the  regis
                                                            ters that we pushed
                                                            
   17 0000001A B662            CPSIE            I           ;Enable Interrupt
   18 0000001C 4770            BX               LR          ;Return so All regi
                                                            sters r0,r1,r2,r3,r
                                                            12,LR,PC,xPSR regis
                                                            ter are restored by
                                                             the processor
   19 0000001E         
   20 0000001E         OsSchedulerLaunch                    ;SP to the value of
                                                             1st thread
   21 0000001E B672            CPSID            I           ;Disable Interrupt
   22 00000020 4807            LDR              R0,=currentPt
   23 00000022 6802            LDR              R2,[R0]     ;R2=currentPt
   24 00000024 F8D2 D000       LDR              SP,[R2]     ;SP=currentPt->Stac
                                                            kPt
   25 00000028 E8BD 0FF0       POP              {R4-R11}
   26 0000002C BC0F            POP              {R0-R3}
   27 0000002E F85D CB04       POP              {R12}
   28 00000032 B001            ADD              SP,SP,#4    ;Get rid of LR regi
                                                            ster
   29 00000034 F85D EB04       POP              {LR}
   30 00000038 B001            ADD              SP,SP,#4    ;Get rid of PSR reg
                                                            ister
   31 0000003A B662            CPSIE            I           ;Enable interrupts
   32 0000003C 4770            BX               LR          ;Return
   33 0000003E         
   34 0000003E         



ARM Macro Assembler    Page 2 


   35 0000003E 00 00           ALIGN
   36 00000040                 END
              00000000 
Command Line: --debug --xref --diag_suppress=9931 --cpu=Cortex-M4 --apcs=interw
ork --depend=.\objects\oskernel.d -o.\objects\oskernel.o -I.\RTE\_Target_1 -IC:
\Users\Balaji\AppData\Local\Arm\Packs\ARM\CMSIS\5.6.0\CMSIS\Core\Include -IC:\U
sers\Balaji\AppData\Local\Arm\Packs\Keil\STM32F4xx_DFP\2.14.0\Drivers\CMSIS\Dev
ice\ST\STM32F4xx\Include --predefine="__EVAL SETA 1" --predefine="__UVISION_VER
SION SETA 528" --predefine="_RTE_ SETA 1" --predefine="STM32F446xx SETA 1" --li
st=.\listings\oskernel.lst OSKernel.s



ARM Macro Assembler    Page 1 Alphabetic symbol ordering
Relocatable symbols

.text 00000000

Symbol: .text
   Definitions
      At line 1 in file OSKernel.s
   Uses
      None
Comment: .text unused
OsSchedulerLaunch 0000001E

Symbol: OsSchedulerLaunch
   Definitions
      At line 20 in file OSKernel.s
   Uses
      At line 5 in file OSKernel.s
Comment: OsSchedulerLaunch used once
SysTick_Handler 00000000

Symbol: SysTick_Handler
   Definitions
      At line 7 in file OSKernel.s
   Uses
      At line 4 in file OSKernel.s
Comment: SysTick_Handler used once
3 symbols



ARM Macro Assembler    Page 1 Alphabetic symbol ordering
External symbols

currentPt 00000000

Symbol: currentPt
   Definitions
      At line 3 in file OSKernel.s
   Uses
      At line 10 in file OSKernel.s
      At line 22 in file OSKernel.s

1 symbol
340 symbols in table
